<?xml version="1.0" encoding="UTF-8"?>
<!-- Generated by org.testng.reporters.JUnitReportReporter -->
<testsuite skipped="0" hostname="HanisPC" name="hrmtestcases.HomePage" tests="1" failures="0" timestamp="02 May 2020 23:59:09 GMT" time="7.874" errors="0">
  <testcase name="login" time="7.874" classname="hrmtestcases.HomePage"/>
</testsuite> <!-- hrmtestcases.HomePage -->
