<?xml version="1.0" encoding="UTF-8"?>
<!-- Generated by org.testng.reporters.JUnitReportReporter -->
<testsuite skipped="0" hostname="HanisPC" name="End2End.OrangeHRM.TestDependancies" tests="1" failures="0" timestamp="02 May 2020 23:59:09 GMT" time="0.001" errors="0">
  <testcase name="testNg" time="0.001" classname="End2End.OrangeHRM.TestDependancies"/>
</testsuite> <!-- End2End.OrangeHRM.TestDependancies -->
